<?xml version="1.0" encoding="UTF-8"?>
<testng-results total="1" passed="1" failed="0" skipped="0">
  <reporter-output>
  </reporter-output>
  <suite started-at="2022-01-14T17:22:34Z" name="Suite" finished-at="2022-01-14T17:22:34Z" duration-ms="27">
    <groups>
    </groups>
    <test started-at="2022-01-14T17:22:34Z" name="Test" finished-at="2022-01-14T17:22:34Z" duration-ms="27">
      <class name="com.testng.NewTest">
        <test-method signature="f()[pri:0, instance:com.testng.NewTest@6a192cfe]" started-at="2022-01-14T22:52:34Z" name="f" finished-at="2022-01-14T22:52:34Z" duration-ms="17" status="PASS">
          <reporter-output>
          </reporter-output>
        </test-method> <!-- f -->
      </class> <!-- com.testng.NewTest -->
    </test> <!-- Test -->
  </suite> <!-- Suite -->
</testng-results>
