<?xml version="1.0" encoding="UTF-8"?>
<testng-results total="1" passed="1" failed="0" skipped="0">
  <reporter-output>
  </reporter-output>
  <suite started-at="2022-01-15T20:15:31Z" name="Suite" finished-at="2022-01-15T20:15:31Z" duration-ms="16">
    <groups>
    </groups>
    <test started-at="2022-01-15T20:15:31Z" name="Test" finished-at="2022-01-15T20:15:31Z" duration-ms="16">
      <class name="com.testng.NewTest">
        <test-method signature="f(java.lang.String)[pri:0, instance:com.testng.NewTest@16ec5519]" started-at="2022-01-16T01:45:31Z" name="f" finished-at="2022-01-16T01:45:31Z" duration-ms="5" status="PASS">
          <params>
            <param index="0">
              <value>
                <![CDATA[CHROMEE]]>
              </value>
            </param>
          </params>
          <reporter-output>
          </reporter-output>
        </test-method> <!-- f -->
      </class> <!-- com.testng.NewTest -->
    </test> <!-- Test -->
  </suite> <!-- Suite -->
</testng-results>
