<?xml version="1.0" encoding="UTF-8"?>
<testng-results total="1" passed="1" failed="0" skipped="0">
  <reporter-output>
  </reporter-output>
  <suite started-at="2022-01-07T17:34:41Z" name="Suite" finished-at="2022-01-07T17:34:41Z" duration-ms="21">
    <groups>
    </groups>
    <test started-at="2022-01-07T17:34:41Z" name="Test" finished-at="2022-01-07T17:34:41Z" duration-ms="21">
      <class name="com.testng.NewTest">
        <test-method signature="f()[pri:0, instance:com.testng.NewTest@7bb58ca3]" started-at="2022-01-07T23:04:41Z" name="f" finished-at="2022-01-07T23:04:41Z" duration-ms="8" status="PASS">
          <reporter-output>
          </reporter-output>
        </test-method> <!-- f -->
      </class> <!-- com.testng.NewTest -->
    </test> <!-- Test -->
  </suite> <!-- Suite -->
</testng-results>
